do_op/do_op.c:5:5: error: second parameter of 'main' (argument array) must be of type 'char **'
int main(int argc, char nu1, char nu2, char xx)
    ^
do_op/do_op.c:5:5: error: third parameter of 'main' (environment) must be of type 'char **'
do_op/do_op.c:5:5: error: fourth parameter of 'main' (platform-specific data) must be of type 'char **'
do_op/do_op.c:7:18: warning: incompatible integer to pointer conversion passing 'char' to parameter of type 'const char *'; take the address with & [-Wint-conversion]
        int num1 = atoi(nu1);
                        ^~~
                        &
/Applications/Xcode.app/Contents/Developer/Platforms/MacOSX.platform/Developer/SDKs/MacOSX.sdk/usr/include/stdlib.h:135:23: note: passing argument to parameter here
int      atoi(const char *);
                          ^
do_op/do_op.c:8:18: warning: incompatible integer to pointer conversion passing 'char' to parameter of type 'const char *'; take the address with & [-Wint-conversion]
        int num2 = atoi(nu2);
                        ^~~
                        &
/Applications/Xcode.app/Contents/Developer/Platforms/MacOSX.platform/Developer/SDKs/MacOSX.sdk/usr/include/stdlib.h:135:23: note: passing argument to parameter here
int      atoi(const char *);
                          ^
2 warnings and 3 errors generated.

$
-------
56088$
-------
42$
-------
-42$
-------
-1$
-------
-1764$
-------
